app/build/outputs/logs/manifest-merger-debug-report.txt
-- Merging decision tree log ---
manifest
ADDED from src\main\AndroidManifest.xml:2:1-65:12
INJECTED from src\main\AndroidManifest.xml:2:1-65:12
INJECTED from src\main\AndroidManifest.xml:2:1-65:12
INJECTED from src\main\AndroidManifest.xml:2:1-65:12
MERGED from [com.google.android.material:material:1.7.0] AndroidManifest.xml:17:1-26:12
MERGED from [androidx.constraintlayout:constraintlayout:2.1.4] AndroidManifest.xml:2:1-11:12
MERGED from [androidx.appcompat:appcompat-resources:1.5.1] AndroidManifest.xml:17:1-22:12
MERGED from [androidx.appcompat:appcompat:1.5.1] AndroidManifest.xml:17:1-22:12
MERGED from [com.github.ybq:Android-SpinKit:1.4.0] AndroidManifest.xml:2:1-9:12
MERGED from [com.applovin:applovin-sdk:11.5.2] AndroidManifest.xml:2:1-91:12
MERGED from [com.github.PhilJay:MPAndroidChart:v3.1.0] AndroidManifest.xml:2:1-20:12
MERGED from [com.github.neopixl:PixlUI:v1.1.0] AndroidManifest.xml:2:1-9:12
MERGED from [com.github.anastr:speedviewlib:1.6.0] AndroidManifest.xml:2:1-12:12
MERGED from [androidx.emoji2:emoji2-views-helper:1.2.0] AndroidManifest.xml:2:1-7:12
MERGED from [androidx.emoji2:emoji2:1.2.0] AndroidManifest.xml:17:1-35:12
MERGED from [androidx.lifecycle:lifecycle-process:2.5.1] AndroidManifest.xml:17:1-37:12
MERGED from [androidx.viewpager2:viewpager2:1.0.0] AndroidManifest.xml:17:1-24:12
MERGED from [com.google.android.gms:play-services-ads-identifier:17.1.0] AndroidManifest.xml:17:1-27:12
MERGED from [com.google.android.gms:play-services-basement:17.0.0] AndroidManifest.xml:17:1-28:12
MERGED from [androidx.fragment:fragment:1.3.6] AndroidManifest.xml:17:1-24:12
MERGED from [androidx.activity:activity:1.5.1] AndroidManifest.xml:17:1-24:12
MERGED from [androidx.dynamicanimation:dynamicanimation:1.0.0] AndroidManifest.xml:17:1-22:12
MERGED from [androidx.legacy:legacy-support-core-utils:1.0.0] AndroidManifest.xml:17:1-22:12
MERGED from [androidx.loader:loader:1.0.0] AndroidManifest.xml:17:1-22:12
MERGED from [androidx.lifecycle:lifecycle-viewmodel:2.5.1] AndroidManifest.xml:17:1-24:12
MERGED from [androidx.lifecycle:lifecycle-viewmodel-savedstate:2.5.1] AndroidManifest.xml:17:1-24:12
MERGED from [androidx.core:core-ktx:1.8.0] AndroidManifest.xml:2:1-9:12
MERGED from [androidx.drawerlayout:drawerlayout:1.1.1] AndroidManifest.xml:17:1-24:12
MERGED from [androidx.coordinatorlayout:coordinatorlayout:1.1.0] AndroidManifest.xml:17:1-24:12
MERGED from [androidx.transition:transition:1.2.0] AndroidManifest.xml:17:1-24:12
MERGED from [androidx.vectordrawable:vectordrawable-animated:1.1.0] AndroidManifest.xml:17:1-24:12
MERGED from [androidx.vectordrawable:vectordrawable:1.1.0] AndroidManifest.xml:17:1-24:12
MERGED from [androidx.viewpager:viewpager:1.0.0] AndroidManifest.xml:17:1-22:12
MERGED from [androidx.recyclerview:recyclerview:1.1.0] AndroidManifest.xml:17:1-24:12
MERGED from [androidx.customview:customview:1.1.0] AndroidManifest.xml:17:1-24:12
MERGED from [androidx.core:core:1.8.0] AndroidManifest.xml:17:1-26:12
MERGED from [androidx.cursoradapter:cursoradapter:1.0.0] AndroidManifest.xml:17:1-22:12
MERGED from [androidx.lifecycle:lifecycle-runtime:2.5.1] AndroidManifest.xml:17:1-24:12
MERGED from [androidx.savedstate:savedstate:1.2.0] AndroidManifest.xml:17:1-24:12
MERGED from [androidx.cardview:cardview:1.0.0] AndroidManifest.xml:17:1-22:12
MERGED from [androidx.startup:startup-runtime:1.1.1] AndroidManifest.xml:17:1-33:12
MERGED from [androidx.tracing:tracing:1.0.0] AndroidManifest.xml:17:1-24:12
MERGED from [androidx.versionedparcelable:versionedparcelable:1.1.1] AndroidManifest.xml:17:1-27:12
MERGED from [androidx.lifecycle:lifecycle-livedata:2.0.0] AndroidManifest.xml:17:1-22:12
MERGED from [androidx.lifecycle:lifecycle-livedata-core:2.5.1] AndroidManifest.xml:17:1-24:12
MERGED from [androidx.arch.core:core-runtime:2.1.0] AndroidManifest.xml:17:1-24:12
MERGED from [androidx.interpolator:interpolator:1.0.0] AndroidManifest.xml:17:1-22:12
MERGED from [androidx.documentfile:documentfile:1.0.0] AndroidManifest.xml:17:1-22:12
MERGED from [androidx.localbroadcastmanager:localbroadcastmanager:1.0.0] AndroidManifest.xml:17:1-22:12
MERGED from [androidx.print:print:1.0.0] AndroidManifest.xml:17:1-22:12
MERGED from [androidx.annotation:annotation-experimental:1.1.0] AndroidManifest.xml:17:1-24:12
INJECTED from src\main\AndroidManifest.xml:2:1-65:12
INJECTED from src\main\AndroidManifest.xml:2:1-65:12
INJECTED from src\main\AndroidManifest.xml:2:1-65:12
	package
		ADDED from src\main\AndroidManifest.xml:4:5-48
		INJECTED from src\main\AndroidManifest.xml
		INJECTED from src\main\AndroidManifest.xml
	android:versionName
		INJECTED from src\main\AndroidManifest.xml
		ADDED from src\main\AndroidManifest.xml:2:1-65:12
		INJECTED from src\main\AndroidManifest.xml
	xmlns:tools
		ADDED from src\main\AndroidManifest.xml:3:5-51
	android:versionCode
		INJECTED from src\main\AndroidManifest.xml
		ADDED from src\main\AndroidManifest.xml:2:1-65:12
		INJECTED from src\main\AndroidManifest.xml
	xmlns:android
		ADDED from src\main\AndroidManifest.xml:2:11-69
uses-permission#android.permission.INTERNET
ADDED from src\main\AndroidManifest.xml:6:5-66
MERGED from [com.applovin:applovin-sdk:11.5.2] AndroidManifest.xml:17:5-67
MERGED from [com.applovin:applovin-sdk:11.5.2] AndroidManifest.xml:17:5-67
	android:name
		ADDED from src\main\AndroidManifest.xml:6:22-64
uses-permission#android.permission.WRITE_EXTERNAL_STORAGE
ADDED from src\main\AndroidManifest.xml:7:5-81
	android:name
		ADDED from src\main\AndroidManifest.xml:7:22-78
uses-permission#android.permission.RECORD_AUDIO
ADDED from src\main\AndroidManifest.xml:8:5-71
	android:name
		ADDED from src\main\AndroidManifest.xml:8:22-68
application
ADDED from src\main\AndroidManifest.xml:10:5-63:19
MERGED from [com.google.android.material:material:1.7.0] AndroidManifest.xml:24:5-20
MERGED from [com.google.android.material:material:1.7.0] AndroidManifest.xml:24:5-20
MERGED from [androidx.constraintlayout:constraintlayout:2.1.4] AndroidManifest.xml:9:5-20
MERGED from [androidx.constraintlayout:constraintlayout:2.1.4] AndroidManifest.xml:9:5-20
MERGED from [com.applovin:applovin-sdk:11.5.2] AndroidManifest.xml:24:5-89:19
MERGED from [com.applovin:applovin-sdk:11.5.2] AndroidManifest.xml:24:5-89:19
MERGED from [com.github.anastr:speedviewlib:1.6.0] AndroidManifest.xml:9:5-10:19
MERGED from [com.github.anastr:speedviewlib:1.6.0] AndroidManifest.xml:9:5-10:19
MERGED from [androidx.emoji2:emoji2:1.2.0] AndroidManifest.xml:23:5-33:19
MERGED from [androidx.emoji2:emoji2:1.2.0] AndroidManifest.xml:23:5-33:19
MERGED from [androidx.lifecycle:lifecycle-process:2.5.1] AndroidManifest.xml:25:5-35:19
MERGED from [androidx.lifecycle:lifecycle-process:2.5.1] AndroidManifest.xml:25:5-35:19
MERGED from [com.google.android.gms:play-services-ads-identifier:17.1.0] AndroidManifest.xml:25:5-20
MERGED from [com.google.android.gms:play-services-ads-identifier:17.1.0] AndroidManifest.xml:25:5-20
MERGED from [com.google.android.gms:play-services-basement:17.0.0] AndroidManifest.xml:22:5-26:19
MERGED from [com.google.android.gms:play-services-basement:17.0.0] AndroidManifest.xml:22:5-26:19
MERGED from [androidx.core:core:1.8.0] AndroidManifest.xml:24:5-89
MERGED from [androidx.core:core:1.8.0] AndroidManifest.xml:24:5-89
MERGED from [androidx.startup:startup-runtime:1.1.1] AndroidManifest.xml:25:5-31:19
MERGED from [androidx.startup:startup-runtime:1.1.1] AndroidManifest.xml:25:5-31:19
MERGED from [androidx.versionedparcelable:versionedparcelable:1.1.1] AndroidManifest.xml:24:5-25:19
MERGED from [androidx.versionedparcelable:versionedparcelable:1.1.1] AndroidManifest.xml:24:5-25:19
	android:appComponentFactory
		ADDED from [androidx.core:core:1.8.0] AndroidManifest.xml:24:18-86
	android:supportsRtl
		ADDED from src\main\AndroidManifest.xml:18:9-35
	android:label
		ADDED from src\main\AndroidManifest.xml:16:9-41
	android:fullBackupContent
		ADDED from src\main\AndroidManifest.xml:14:9-42
	tools:ignore
		ADDED from src\main\AndroidManifest.xml:20:9-48
	tools:targetApi
		ADDED from src\main\AndroidManifest.xml:22:9-28
	android:largeHeap
		ADDED from src\main\AndroidManifest.xml:17:9-33
	android:icon
		ADDED from src\main\AndroidManifest.xml:15:9-42
	android:allowBackup
		ADDED from src\main\AndroidManifest.xml:12:9-35
	android:theme
		ADDED from src\main\AndroidManifest.xml:19:9-40
	android:dataExtractionRules
		ADDED from src\main\AndroidManifest.xml:13:9-65
	tools:replace
		ADDED from src\main\AndroidManifest.xml:21:9-44
	android:name
		ADDED from src\main\AndroidManifest.xml:11:9-71
activity#com.digitalappsacademy.soundmeter.AppInfo
ADDED from src\main\AndroidManifest.xml:23:9-30:20
	android:exported
		ADDED from src\main\AndroidManifest.xml:25:13-37
	android:theme
		ADDED from src\main\AndroidManifest.xml:26:13-45
	android:name
		ADDED from src\main\AndroidManifest.xml:24:13-69
meta-data#android.app.lib_name
ADDED from src\main\AndroidManifest.xml:27:13-29:36
	android:value
		ADDED from src\main\AndroidManifest.xml:29:17-33
	android:name
		ADDED from src\main\AndroidManifest.xml:28:17-52
activity#com.digitalappsacademy.soundmeter.OnboardingScreen
ADDED from src\main\AndroidManifest.xml:31:9-38:20
	android:exported
		ADDED from src\main\AndroidManifest.xml:33:13-37
	android:theme
		ADDED from src\main\AndroidManifest.xml:34:13-45
	android:name
		ADDED from src\main\AndroidManifest.xml:32:13-78
activity#com.digitalappsacademy.soundmeter.SplashScreen
ADDED from src\main\AndroidManifest.xml:39:9-52:20
	android:exported
		ADDED from src\main\AndroidManifest.xml:41:13-36
	android:theme
		ADDED from src\main\AndroidManifest.xml:42:13-45
	android:name
		ADDED from src\main\AndroidManifest.xml:40:13-74
intent-filter#action:name:android.intent.action.MAIN+category:name:android.intent.category.LAUNCHER
ADDED from src\main\AndroidManifest.xml:44:13-48:29
action#android.intent.action.MAIN
ADDED from src\main\AndroidManifest.xml:45:17-69
	android:name
		ADDED from src\main\AndroidManifest.xml:45:25-66
category#android.intent.category.LAUNCHER
ADDED from src\main\AndroidManifest.xml:47:17-77
	android:name
		ADDED from src\main\AndroidManifest.xml:47:27-74
activity#com.digitalappsacademy.soundmeter.MainActivity
ADDED from src\main\AndroidManifest.xml:53:9-59:20
	android:exported
		ADDED from src\main\AndroidManifest.xml:55:13-37
	android:theme
		ADDED from src\main\AndroidManifest.xml:56:13-44
	android:name
		ADDED from src\main\AndroidManifest.xml:54:13-74
meta-data#applovin.sdk.key
ADDED from src\main\AndroidManifest.xml:60:9-62:118
	android:value
		ADDED from src\main\AndroidManifest.xml:62:13-115
	android:name
		ADDED from src\main\AndroidManifest.xml:61:13-44
uses-sdk
INJECTED from src\main\AndroidManifest.xml reason: use-sdk injection requested
INJECTED from src\main\AndroidManifest.xml
INJECTED from src\main\AndroidManifest.xml
MERGED from [com.google.android.material:material:1.7.0] AndroidManifest.xml:20:5-22:41
MERGED from [com.google.android.material:material:1.7.0] AndroidManifest.xml:20:5-22:41
MERGED from [androidx.constraintlayout:constraintlayout:2.1.4] AndroidManifest.xml:5:5-7:41
MERGED from [androidx.constraintlayout:constraintlayout:2.1.4] AndroidManifest.xml:5:5-7:41
MERGED from [androidx.appcompat:appcompat-resources:1.5.1] AndroidManifest.xml:20:5-44
MERGED from [androidx.appcompat:appcompat-resources:1.5.1] AndroidManifest.xml:20:5-44
MERGED from [androidx.appcompat:appcompat:1.5.1] AndroidManifest.xml:20:5-44
MERGED from [androidx.appcompat:appcompat:1.5.1] AndroidManifest.xml:20:5-44
MERGED from [com.github.ybq:Android-SpinKit:1.4.0] AndroidManifest.xml:5:5-7:41
MERGED from [com.github.ybq:Android-SpinKit:1.4.0] AndroidManifest.xml:5:5-7:41
MERGED from [com.applovin:applovin-sdk:11.5.2] AndroidManifest.xml:7:5-9:41
MERGED from [com.applovin:applovin-sdk:11.5.2] AndroidManifest.xml:7:5-9:41
MERGED from [com.github.PhilJay:MPAndroidChart:v3.1.0] AndroidManifest.xml:16:5-18:41
MERGED from [com.github.PhilJay:MPAndroidChart:v3.1.0] AndroidManifest.xml:16:5-18:41
MERGED from [com.github.neopixl:PixlUI:v1.1.0] AndroidManifest.xml:5:5-7:41
MERGED from [com.github.neopixl:PixlUI:v1.1.0] AndroidManifest.xml:5:5-7:41
MERGED from [com.github.anastr:speedviewlib:1.6.0] AndroidManifest.xml:5:5-7:41
MERGED from [com.github.anastr:speedviewlib:1.6.0] AndroidManifest.xml:5:5-7:41
MERGED from [androidx.emoji2:emoji2-views-helper:1.2.0] AndroidManifest.xml:5:5-44
MERGED from [androidx.emoji2:emoji2-views-helper:1.2.0] AndroidManifest.xml:5:5-44
MERGED from [androidx.emoji2:emoji2:1.2.0] AndroidManifest.xml:21:5-44
MERGED from [androidx.emoji2:emoji2:1.2.0] AndroidManifest.xml:21:5-44
MERGED from [androidx.lifecycle:lifecycle-process:2.5.1] AndroidManifest.xml:21:5-23:41
MERGED from [androidx.lifecycle:lifecycle-process:2.5.1] AndroidManifest.xml:21:5-23:41
MERGED from [androidx.viewpager2:viewpager2:1.0.0] AndroidManifest.xml:20:5-22:41
MERGED from [androidx.viewpager2:viewpager2:1.0.0] AndroidManifest.xml:20:5-22:41
MERGED from [com.google.android.gms:play-services-ads-identifier:17.1.0] AndroidManifest.xml:20:5-44
MERGED from [com.google.android.gms:play-services-ads-identifier:17.1.0] AndroidManifest.xml:20:5-44
MERGED from [com.google.android.gms:play-services-basement:17.0.0] AndroidManifest.xml:20:5-44
MERGED from [com.google.android.gms:play-services-basement:17.0.0] AndroidManifest.xml:20:5-44
MERGED from [androidx.fragment:fragment:1.3.6] AndroidManifest.xml:20:5-22:41
MERGED from [androidx.fragment:fragment:1.3.6] AndroidManifest.xml:20:5-22:41
MERGED from [androidx.activity:activity:1.5.1] AndroidManifest.xml:20:5-22:41
MERGED from [androidx.activity:activity:1.5.1] AndroidManifest.xml:20:5-22:41
MERGED from [androidx.dynamicanimation:dynamicanimation:1.0.0] AndroidManifest.xml:20:5-44
MERGED from [androidx.dynamicanimation:dynamicanimation:1.0.0] AndroidManifest.xml:20:5-44
MERGED from [androidx.legacy:legacy-support-core-utils:1.0.0] AndroidManifest.xml:20:5-44
MERGED from [androidx.legacy:legacy-support-core-utils:1.0.0] AndroidManifest.xml:20:5-44
MERGED from [androidx.loader:loader:1.0.0] AndroidManifest.xml:20:5-44
MERGED from [androidx.loader:loader:1.0.0] AndroidManifest.xml:20:5-44
MERGED from [androidx.lifecycle:lifecycle-viewmodel:2.5.1] AndroidManifest.xml:20:5-22:41
MERGED from [androidx.lifecycle:lifecycle-viewmodel:2.5.1] AndroidManifest.xml:20:5-22:41
MERGED from [androidx.lifecycle:lifecycle-viewmodel-savedstate:2.5.1] AndroidManifest.xml:20:5-22:41
MERGED from [androidx.lifecycle:lifecycle-viewmodel-savedstate:2.5.1] AndroidManifest.xml:20:5-22:41
MERGED from [androidx.core:core-ktx:1.8.0] AndroidManifest.xml:5:5-7:41
MERGED from [androidx.core:core-ktx:1.8.0] AndroidManifest.xml:5:5-7:41
MERGED from [androidx.drawerlayout:drawerlayout:1.1.1] AndroidManifest.xml:20:5-22:41
MERGED from [androidx.drawerlayout:drawerlayout:1.1.1] AndroidManifest.xml:20:5-22:41
MERGED from [androidx.coordinatorlayout:coordinatorlayout:1.1.0] AndroidManifest.xml:20:5-22:41
MERGED from [androidx.coordinatorlayout:coordinatorlayout:1.1.0] AndroidManifest.xml:20:5-22:41
MERGED from [androidx.transition:transition:1.2.0] AndroidManifest.xml:20:5-22:41
MERGED from [androidx.transition:transition:1.2.0] AndroidManifest.xml:20:5-22:41
MERGED from [androidx.vectordrawable:vectordrawable-animated:1.1.0] AndroidManifest.xml:20:5-22:41
MERGED from [androidx.vectordrawable:vectordrawable-animated:1.1.0] AndroidManifest.xml:20:5-22:41
MERGED from [androidx.vectordrawable:vectordrawable:1.1.0] AndroidManifest.xml:20:5-22:41
MERGED from [androidx.vectordrawable:vectordrawable:1.1.0] AndroidManifest.xml:20:5-22:41
MERGED from [androidx.viewpager:viewpager:1.0.0] AndroidManifest.xml:20:5-44
MERGED from [androidx.viewpager:viewpager:1.0.0] AndroidManifest.xml:20:5-44
MERGED from [androidx.recyclerview:recyclerview:1.1.0] AndroidManifest.xml:20:5-22:41
MERGED from [androidx.recyclerview:recyclerview:1.1.0] AndroidManifest.xml:20:5-22:41
MERGED from [androidx.customview:customview:1.1.0] AndroidManifest.xml:20:5-22:41
MERGED from [androidx.customview:customview:1.1.0] AndroidManifest.xml:20:5-22:41
MERGED from [androidx.core:core:1.8.0] AndroidManifest.xml:20:5-22:41
MERGED from [androidx.core:core:1.8.0] AndroidManifest.xml:20:5-22:41
MERGED from [androidx.cursoradapter:cursoradapter:1.0.0] AndroidManifest.xml:20:5-44
MERGED from [androidx.cursoradapter:cursoradapter:1.0.0] AndroidManifest.xml:20:5-44
MERGED from [androidx.lifecycle:lifecycle-runtime:2.5.1] AndroidManifest.xml:20:5-22:41
MERGED from [androidx.lifecycle:lifecycle-runtime:2.5.1] AndroidManifest.xml:20:5-22:41
MERGED from [androidx.savedstate:savedstate:1.2.0] AndroidManifest.xml:20:5-22:41
MERGED from [androidx.savedstate:savedstate:1.2.0] AndroidManifest.xml:20:5-22:41
MERGED from [androidx.cardview:cardview:1.0.0] AndroidManifest.xml:20:5-44
MERGED from [androidx.cardview:cardview:1.0.0] AndroidManifest.xml:20:5-44
MERGED from [androidx.startup:startup-runtime:1.1.1] AndroidManifest.xml:21:5-23:41
MERGED from [androidx.startup:startup-runtime:1.1.1] AndroidManifest.xml:21:5-23:41
MERGED from [androidx.tracing:tracing:1.0.0] AndroidManifest.xml:20:5-22:41
MERGED from [androidx.tracing:tracing:1.0.0] AndroidManifest.xml:20:5-22:41
MERGED from [androidx.versionedparcelable:versionedparcelable:1.1.1] AndroidManifest.xml:20:5-22:41
MERGED from [androidx.versionedparcelable:versionedparcelable:1.1.1] AndroidManifest.xml:20:5-22:41
MERGED from [androidx.lifecycle:lifecycle-livedata:2.0.0] AndroidManifest.xml:20:5-44
MERGED from [androidx.lifecycle:lifecycle-livedata:2.0.0] AndroidManifest.xml:20:5-44
MERGED from [androidx.lifecycle:lifecycle-livedata-core:2.5.1] AndroidManifest.xml:20:5-22:41
MERGED from [androidx.lifecycle:lifecycle-livedata-core:2.5.1] AndroidManifest.xml:20:5-22:41
MERGED from [androidx.arch.core:core-runtime:2.1.0] AndroidManifest.xml:20:5-22:41
MERGED from [androidx.arch.core:core-runtime:2.1.0] AndroidManifest.xml:20:5-22:41
MERGED from [androidx.interpolator:interpolator:1.0.0] AndroidManifest.xml:20:5-44
MERGED from [androidx.interpolator:interpolator:1.0.0] AndroidManifest.xml:20:5-44
MERGED from [androidx.documentfile:documentfile:1.0.0] AndroidManifest.xml:20:5-44
MERGED from [androidx.documentfile:documentfile:1.0.0] AndroidManifest.xml:20:5-44
MERGED from [androidx.localbroadcastmanager:localbroadcastmanager:1.0.0] AndroidManifest.xml:20:5-44
MERGED from [androidx.localbroadcastmanager:localbroadcastmanager:1.0.0] AndroidManifest.xml:20:5-44
MERGED from [androidx.print:print:1.0.0] AndroidManifest.xml:20:5-44
MERGED from [androidx.print:print:1.0.0] AndroidManifest.xml:20:5-44
MERGED from [androidx.annotation:annotation-experimental:1.1.0] AndroidManifest.xml:20:5-22:41
MERGED from [androidx.annotation:annotation-experimental:1.1.0] AndroidManifest.xml:20:5-22:41
INJECTED from src\main\AndroidManifest.xml
INJECTED from src\main\AndroidManifest.xml
	android:targetSdkVersion
		INJECTED from src\main\AndroidManifest.xml
		ADDED from src\main\AndroidManifest.xml
		INJECTED from src\main\AndroidManifest.xml
	android:minSdkVersion
		INJECTED from src\main\AndroidManifest.xml
		ADDED from src\main\AndroidManifest.xml
		INJECTED from src\main\AndroidManifest.xml
queries
ADDED from [com.applovin:applovin-sdk:11.5.2] AndroidManifest.xml:11:5-15:15
intent#action:name:com.applovin.am.intent.action.APPHUB_SERVICE
ADDED from [com.applovin:applovin-sdk:11.5.2] AndroidManifest.xml:12:9-14:18
action#com.applovin.am.intent.action.APPHUB_SERVICE
ADDED from [com.applovin:applovin-sdk:11.5.2] AndroidManifest.xml:13:13-83
	android:name
		ADDED from [com.applovin:applovin-sdk:11.5.2] AndroidManifest.xml:13:21-80
uses-permission#android.permission.ACCESS_NETWORK_STATE
ADDED from [com.applovin:applovin-sdk:11.5.2] AndroidManifest.xml:18:5-79
	android:name
		ADDED from [com.applovin:applovin-sdk:11.5.2] AndroidManifest.xml:18:22-76
uses-permission#com.google.android.gms.permission.AD_ID
ADDED from [com.applovin:applovin-sdk:11.5.2] AndroidManifest.xml:19:5-79
MERGED from [com.google.android.gms:play-services-ads-identifier:17.1.0] AndroidManifest.xml:23:5-79
MERGED from [com.google.android.gms:play-services-ads-identifier:17.1.0] AndroidManifest.xml:23:5-79
	android:name
		ADDED from [com.applovin:applovin-sdk:11.5.2] AndroidManifest.xml:19:22-76
uses-permission#android.permission.ACCESS_WIFI_STATE
ADDED from [com.applovin:applovin-sdk:11.5.2] AndroidManifest.xml:22:5-76
	android:name
		ADDED from [com.applovin:applovin-sdk:11.5.2] AndroidManifest.xml:22:22-73
provider#com.applovin.sdk.AppLovinInitProvider
ADDED from [com.applovin:applovin-sdk:11.5.2] AndroidManifest.xml:25:9-29:39
	android:authorities
		ADDED from [com.applovin:applovin-sdk:11.5.2] AndroidManifest.xml:27:13-72
	android:exported
		ADDED from [com.applovin:applovin-sdk:11.5.2] AndroidManifest.xml:28:13-37
	android:initOrder
		ADDED from [com.applovin:applovin-sdk:11.5.2] AndroidManifest.xml:29:13-36
	android:name
		ADDED from [com.applovin:applovin-sdk:11.5.2] AndroidManifest.xml:26:13-65
activity#com.applovin.adview.AppLovinFullscreenActivity
ADDED from [com.applovin:applovin-sdk:11.5.2] AndroidManifest.xml:31:9-37:50
	android:screenOrientation
		ADDED from [com.applovin:applovin-sdk:11.5.2] AndroidManifest.xml:37:13-47
	android:launchMode
		ADDED from [com.applovin:applovin-sdk:11.5.2] AndroidManifest.xml:36:13-43
	android:hardwareAccelerated
		ADDED from [com.applovin:applovin-sdk:11.5.2] AndroidManifest.xml:35:13-47
	android:exported
		ADDED from [com.applovin:applovin-sdk:11.5.2] AndroidManifest.xml:34:13-37
	android:configChanges
		ADDED from [com.applovin:applovin-sdk:11.5.2] AndroidManifest.xml:33:13-139
	android:name
		ADDED from [com.applovin:applovin-sdk:11.5.2] AndroidManifest.xml:32:13-74
activity#com.applovin.sdk.AppLovinWebViewActivity
ADDED from [com.applovin:applovin-sdk:11.5.2] AndroidManifest.xml:38:9-40:142
	android:configChanges
		ADDED from [com.applovin:applovin-sdk:11.5.2] AndroidManifest.xml:40:13-139
	android:name
		ADDED from [com.applovin:applovin-sdk:11.5.2] AndroidManifest.xml:39:13-68
activity#com.applovin.mediation.hybridAds.MaxHybridMRecAdActivity
ADDED from [com.applovin:applovin-sdk:11.5.2] AndroidManifest.xml:43:9-45:142
	android:configChanges
		ADDED from [com.applovin:applovin-sdk:11.5.2] AndroidManifest.xml:45:13-139
	android:name
		ADDED from [com.applovin:applovin-sdk:11.5.2] AndroidManifest.xml:44:13-84
activity#com.applovin.mediation.hybridAds.MaxHybridNativeAdActivity
ADDED from [com.applovin:applovin-sdk:11.5.2] AndroidManifest.xml:46:9-48:142
	android:configChanges
		ADDED from [com.applovin:applovin-sdk:11.5.2] AndroidManifest.xml:48:13-139
	android:name
		ADDED from [com.applovin:applovin-sdk:11.5.2] AndroidManifest.xml:47:13-86
activity#com.applovin.mediation.MaxDebuggerActivity
ADDED from [com.applovin:applovin-sdk:11.5.2] AndroidManifest.xml:51:9-54:87
	android:configChanges
		ADDED from [com.applovin:applovin-sdk:11.5.2] AndroidManifest.xml:53:13-139
	android:theme
		ADDED from [com.applovin:applovin-sdk:11.5.2] AndroidManifest.xml:54:13-84
	android:name
		ADDED from [com.applovin:applovin-sdk:11.5.2] AndroidManifest.xml:52:13-70
activity#com.applovin.mediation.MaxDebuggerDetailActivity
ADDED from [com.applovin:applovin-sdk:11.5.2] AndroidManifest.xml:55:9-58:87
	android:configChanges
		ADDED from [com.applovin:applovin-sdk:11.5.2] AndroidManifest.xml:57:13-139
	android:theme
		ADDED from [com.applovin:applovin-sdk:11.5.2] AndroidManifest.xml:58:13-84
	android:name
		ADDED from [com.applovin:applovin-sdk:11.5.2] AndroidManifest.xml:56:13-76
activity#com.applovin.mediation.MaxDebuggerMultiAdActivity
ADDED from [com.applovin:applovin-sdk:11.5.2] AndroidManifest.xml:59:9-62:87
	android:configChanges
		ADDED from [com.applovin:applovin-sdk:11.5.2] AndroidManifest.xml:61:13-139
	android:theme
		ADDED from [com.applovin:applovin-sdk:11.5.2] AndroidManifest.xml:62:13-84
	android:name
		ADDED from [com.applovin:applovin-sdk:11.5.2] AndroidManifest.xml:60:13-77
activity#com.applovin.mediation.MaxDebuggerAdUnitsListActivity
ADDED from [com.applovin:applovin-sdk:11.5.2] AndroidManifest.xml:63:9-66:87
	android:configChanges
		ADDED from [com.applovin:applovin-sdk:11.5.2] AndroidManifest.xml:65:13-139
	android:theme
		ADDED from [com.applovin:applovin-sdk:11.5.2] AndroidManifest.xml:66:13-84
	android:name
		ADDED from [com.applovin:applovin-sdk:11.5.2] AndroidManifest.xml:64:13-81
activity#com.applovin.mediation.MaxDebuggerAdUnitDetailActivity
ADDED from [com.applovin:applovin-sdk:11.5.2] AndroidManifest.xml:67:9-70:87
	android:configChanges
		ADDED from [com.applovin:applovin-sdk:11.5.2] AndroidManifest.xml:69:13-139
	android:theme
		ADDED from [com.applovin:applovin-sdk:11.5.2] AndroidManifest.xml:70:13-84
	android:name
		ADDED from [com.applovin:applovin-sdk:11.5.2] AndroidManifest.xml:68:13-82
activity#com.applovin.mediation.MaxDebuggerTestLiveNetworkActivity
ADDED from [com.applovin:applovin-sdk:11.5.2] AndroidManifest.xml:71:9-74:87
	android:configChanges
		ADDED from [com.applovin:applovin-sdk:11.5.2] AndroidManifest.xml:73:13-139
	android:theme
		ADDED from [com.applovin:applovin-sdk:11.5.2] AndroidManifest.xml:74:13-84
	android:name
		ADDED from [com.applovin:applovin-sdk:11.5.2] AndroidManifest.xml:72:13-85
activity#com.applovin.mediation.MaxDebuggerTestModeNetworkActivity
ADDED from [com.applovin:applovin-sdk:11.5.2] AndroidManifest.xml:75:9-78:87
	android:configChanges
		ADDED from [com.applovin:applovin-sdk:11.5.2] AndroidManifest.xml:77:13-139
	android:theme
		ADDED from [com.applovin:applovin-sdk:11.5.2] AndroidManifest.xml:78:13-84
	android:name
		ADDED from [com.applovin:applovin-sdk:11.5.2] AndroidManifest.xml:76:13-85
service#com.applovin.impl.sdk.utils.AppKilledService
ADDED from [com.applovin:applovin-sdk:11.5.2] AndroidManifest.xml:81:9-84:44
	android:exported
		ADDED from [com.applovin:applovin-sdk:11.5.2] AndroidManifest.xml:83:13-37
	android:stopWithTask
		ADDED from [com.applovin:applovin-sdk:11.5.2] AndroidManifest.xml:84:13-41
	android:name
		ADDED from [com.applovin:applovin-sdk:11.5.2] AndroidManifest.xml:82:13-72
service#com.applovin.impl.adview.activity.FullscreenAdService
ADDED from [com.applovin:applovin-sdk:11.5.2] AndroidManifest.xml:85:9-88:44
	android:exported
		ADDED from [com.applovin:applovin-sdk:11.5.2] AndroidManifest.xml:87:13-37
	android:stopWithTask
		ADDED from [com.applovin:applovin-sdk:11.5.2] AndroidManifest.xml:88:13-41
	android:name
		ADDED from [com.applovin:applovin-sdk:11.5.2] AndroidManifest.xml:86:13-81
provider#androidx.startup.InitializationProvider
ADDED from [androidx.emoji2:emoji2:1.2.0] AndroidManifest.xml:24:9-32:20
MERGED from [androidx.lifecycle:lifecycle-process:2.5.1] AndroidManifest.xml:26:9-34:20
MERGED from [androidx.lifecycle:lifecycle-process:2.5.1] AndroidManifest.xml:26:9-34:20
MERGED from [androidx.startup:startup-runtime:1.1.1] AndroidManifest.xml:26:9-30:34
MERGED from [androidx.startup:startup-runtime:1.1.1] AndroidManifest.xml:26:9-30:34
	tools:node
		ADDED from [androidx.emoji2:emoji2:1.2.0] AndroidManifest.xml:28:13-31
	android:authorities
		ADDED from [androidx.emoji2:emoji2:1.2.0] AndroidManifest.xml:26:13-68
	android:exported
		ADDED from [androidx.emoji2:emoji2:1.2.0] AndroidManifest.xml:27:13-37
	android:name
		ADDED from [androidx.emoji2:emoji2:1.2.0] AndroidManifest.xml:25:13-67
meta-data#androidx.emoji2.text.EmojiCompatInitializer
ADDED from [androidx.emoji2:emoji2:1.2.0] AndroidManifest.xml:29:13-31:52
	android:value
		ADDED from [androidx.emoji2:emoji2:1.2.0] AndroidManifest.xml:31:17-49
	android:name
		ADDED from [androidx.emoji2:emoji2:1.2.0] AndroidManifest.xml:30:17-75
meta-data#androidx.lifecycle.ProcessLifecycleInitializer
ADDED from [androidx.lifecycle:lifecycle-process:2.5.1] AndroidManifest.xml:31:13-33:52
	android:value
		ADDED from [androidx.lifecycle:lifecycle-process:2.5.1] AndroidManifest.xml:33:17-49
	android:name
		ADDED from [androidx.lifecycle:lifecycle-process:2.5.1] AndroidManifest.xml:32:17-78
meta-data#com.google.android.gms.version
ADDED from [com.google.android.gms:play-services-basement:17.0.0] AndroidManifest.xml:23:9-25:69
	android:value
		ADDED from [com.google.android.gms:play-services-basement:17.0.0] AndroidManifest.xml:25:13-66
	android:name
		ADDED from [com.google.android.gms:play-services-basement:17.0.0] AndroidManifest.xml:24:13-58